<?xml version="1.0" encoding="UTF-8"?>
<!-- Generated by org.testng.reporters.JUnitReportReporter -->
<testsuite hostname="DESKTOP-N9N8M7C" failures="0" tests="1" name="testCases.TC_002_LoginTest" time="1.333" errors="0" timestamp="2023-09-21T14:50:28 IST" skipped="0">
  <testcase classname="testCases.TC_002_LoginTest" name="test_Login" time="1.333"/>
</testsuite> <!-- testCases.TC_002_LoginTest -->
