<?xml version="1.0" encoding="UTF-8"?>
<!-- Generated by org.testng.reporters.JUnitReportReporter -->
<testsuite hostname="DESKTOP-N9N8M7C" failures="0" tests="1" name="testCases.TC_001_AccountRegistrationTest" time="2.143" errors="0" timestamp="2023-09-21T14:46:10 IST" skipped="0">
  <testcase classname="testCases.TC_001_AccountRegistrationTest" name="test_account_Registration" time="2.143"/>
</testsuite> <!-- testCases.TC_001_AccountRegistrationTest -->
